[debug] [2018-10-20T19:37:13.248Z] ----------------------------------------------------------------------
[debug] [2018-10-20T19:37:13.250Z] Command:       /usr/local/bin/node /usr/local/bin/firebase serve
[debug] [2018-10-20T19:37:13.251Z] CLI Version:   4.2.1
[debug] [2018-10-20T19:37:13.251Z] Platform:      darwin
[debug] [2018-10-20T19:37:13.251Z] Node Version:  v10.10.0
[debug] [2018-10-20T19:37:13.252Z] Time:          Sat Oct 20 2018 12:37:13 GMT-0700 (Pacific Daylight Time)
[debug] [2018-10-20T19:37:13.252Z] ----------------------------------------------------------------------
[debug] 
[debug] [2018-10-20T19:37:13.266Z] > command requires scopes: ["email","openid","https://www.googleapis.com/auth/cloudplatformprojects.readonly","https://www.googleapis.com/auth/firebase","https://www.googleapis.com/auth/cloud-platform"]
[debug] [2018-10-20T19:37:13.268Z] > authorizing via signed-in user
[debug] [2018-10-20T19:37:13.271Z] >>> HTTP REQUEST GET https://admin.firebase.com/v1/projects/alphabetter-tap-v1  
 
[debug] [2018-10-20T19:37:13.664Z] <<< HTTP RESPONSE 200
[debug] [2018-10-20T19:37:13.666Z] >>> HTTP REQUEST GET https://cloudresourcemanager.googleapis.com/v1/projects/alphabetter-tap-v1  
 
[debug] [2018-10-20T19:37:14.065Z] <<< HTTP RESPONSE 200
[info] 
[info] === Serving from '/Users/gtolbert/Desktop/tap'...
[info] 
[debug] [2018-10-20T19:37:14.067Z] >>> HTTP REQUEST GET https://mobilesdk-pa.googleapis.com/v1/projects/806333716389/clients/_:getWebAppConfig  
 
[debug] [2018-10-20T19:37:14.309Z] <<< HTTP RESPONSE 200
[info] i  hosting[alphabetter-tap-v1]: Serving hosting files from: tap_project
[info] ✔  hosting[alphabetter-tap-v1]: Local server: http://localhost:5000
